2025-07-29 15:56:58 [31merror[39m: Error: Cannot find module 'cookie-parser'
Require stack:
- C:\Users\hameed.khan\Desktop\HireOnboardMultiTenant\HireOnboard\app.js
- C:\Users\hameed.khan\Desktop\HireOnboardMultiTenant\HireOnboard\server.js
    at Module._resolveFilename (node:internal/modules/cjs/loader:1225:15)
    at Module._load (node:internal/modules/cjs/loader:1051:27)
    at Module.require (node:internal/modules/cjs/loader:1311:19)
    at require (node:internal/modules/helpers:179:18)
    at Object.<anonymous> (C:\Users\hameed.khan\Desktop\HireOnboardMultiTenant\HireOnboard\app.js:4:22)
    at Module._compile (node:internal/modules/cjs/loader:1469:14)
    at Module._extensions..js (node:internal/modules/cjs/loader:1548:10)
    at Module.load (node:internal/modules/cjs/loader:1288:32)
    at Module._load (node:internal/modules/cjs/loader:1104:12)
    at Module.require (node:internal/modules/cjs/loader:1311:19)
2025-07-29 15:57:47 [31merror[39m: Error: Cannot find module 'cookie-parser'
Require stack:
- C:\Users\hameed.khan\Desktop\HireOnboardMultiTenant\HireOnboard\app.js
- C:\Users\hameed.khan\Desktop\HireOnboardMultiTenant\HireOnboard\server.js
    at Module._resolveFilename (node:internal/modules/cjs/loader:1225:15)
    at Module._load (node:internal/modules/cjs/loader:1051:27)
    at Module.require (node:internal/modules/cjs/loader:1311:19)
    at require (node:internal/modules/helpers:179:18)
    at Object.<anonymous> (C:\Users\hameed.khan\Desktop\HireOnboardMultiTenant\HireOnboard\app.js:3:22)
    at Module._compile (node:internal/modules/cjs/loader:1469:14)
    at Module._extensions..js (node:internal/modules/cjs/loader:1548:10)
    at Module.load (node:internal/modules/cjs/loader:1288:32)
    at Module._load (node:internal/modules/cjs/loader:1104:12)
    at Module.require (node:internal/modules/cjs/loader:1311:19)
2025-07-29 15:58:36 [31merror[39m: Error: Cannot find module 'cookie-parser'
Require stack:
- C:\Users\hameed.khan\Desktop\HireOnboardMultiTenant\HireOnboard\app.js
- C:\Users\hameed.khan\Desktop\HireOnboardMultiTenant\HireOnboard\server.js
    at Module._resolveFilename (node:internal/modules/cjs/loader:1225:15)
    at Module._load (node:internal/modules/cjs/loader:1051:27)
    at Module.require (node:internal/modules/cjs/loader:1311:19)
    at require (node:internal/modules/helpers:179:18)
    at Object.<anonymous> (C:\Users\hameed.khan\Desktop\HireOnboardMultiTenant\HireOnboard\app.js:3:22)
    at Module._compile (node:internal/modules/cjs/loader:1469:14)
    at Module._extensions..js (node:internal/modules/cjs/loader:1548:10)
    at Module.load (node:internal/modules/cjs/loader:1288:32)
    at Module._load (node:internal/modules/cjs/loader:1104:12)
    at Module.require (node:internal/modules/cjs/loader:1311:19)
2025-07-29 16:00:11 [31merror[39m: Error: Cannot find module 'cookie-parser'
Require stack:
- C:\Users\hameed.khan\Desktop\HireOnboardMultiTenant\HireOnboard\app.js
- C:\Users\hameed.khan\Desktop\HireOnboardMultiTenant\HireOnboard\server.js
    at Module._resolveFilename (node:internal/modules/cjs/loader:1225:15)
    at Module._load (node:internal/modules/cjs/loader:1051:27)
    at Module.require (node:internal/modules/cjs/loader:1311:19)
    at require (node:internal/modules/helpers:179:18)
    at Object.<anonymous> (C:\Users\hameed.khan\Desktop\HireOnboardMultiTenant\HireOnboard\app.js:3:22)
    at Module._compile (node:internal/modules/cjs/loader:1469:14)
    at Module._extensions..js (node:internal/modules/cjs/loader:1548:10)
    at Module.load (node:internal/modules/cjs/loader:1288:32)
    at Module._load (node:internal/modules/cjs/loader:1104:12)
    at Module.require (node:internal/modules/cjs/loader:1311:19)
2025-07-29 16:02:24 [31merror[39m: Error: Cannot find module 'cookie-parser'
Require stack:
- C:\Users\hameed.khan\Desktop\HireOnboardMultiTenant\HireOnboard\app.js
- C:\Users\hameed.khan\Desktop\HireOnboardMultiTenant\HireOnboard\server.js
    at Module._resolveFilename (node:internal/modules/cjs/loader:1225:15)
    at Module._load (node:internal/modules/cjs/loader:1051:27)
    at Module.require (node:internal/modules/cjs/loader:1311:19)
    at require (node:internal/modules/helpers:179:18)
    at Object.<anonymous> (C:\Users\hameed.khan\Desktop\HireOnboardMultiTenant\HireOnboard\app.js:3:22)
    at Module._compile (node:internal/modules/cjs/loader:1469:14)
    at Module._extensions..js (node:internal/modules/cjs/loader:1548:10)
    at Module.load (node:internal/modules/cjs/loader:1288:32)
    at Module._load (node:internal/modules/cjs/loader:1104:12)
    at Module.require (node:internal/modules/cjs/loader:1311:19)
2025-07-29 16:04:46 [31merror[39m: Error: Cannot find module 'cookie-parser'
Require stack:
- C:\Users\hameed.khan\Desktop\HireOnboardMultiTenant\HireOnboard\app.js
- C:\Users\hameed.khan\Desktop\HireOnboardMultiTenant\HireOnboard\server.js
    at Module._resolveFilename (node:internal/modules/cjs/loader:1225:15)
    at Module._load (node:internal/modules/cjs/loader:1051:27)
    at Module.require (node:internal/modules/cjs/loader:1311:19)
    at require (node:internal/modules/helpers:179:18)
    at Object.<anonymous> (C:\Users\hameed.khan\Desktop\HireOnboardMultiTenant\HireOnboard\app.js:3:22)
    at Module._compile (node:internal/modules/cjs/loader:1469:14)
    at Module._extensions..js (node:internal/modules/cjs/loader:1548:10)
    at Module.load (node:internal/modules/cjs/loader:1288:32)
    at Module._load (node:internal/modules/cjs/loader:1104:12)
    at Module.require (node:internal/modules/cjs/loader:1311:19)
2025-07-29 16:04:47 [31merror[39m: Error: Cannot find module 'cookie-parser'
Require stack:
- C:\Users\hameed.khan\Desktop\HireOnboardMultiTenant\HireOnboard\app.js
- C:\Users\hameed.khan\Desktop\HireOnboardMultiTenant\HireOnboard\server.js
    at Module._resolveFilename (node:internal/modules/cjs/loader:1225:15)
    at Module._load (node:internal/modules/cjs/loader:1051:27)
    at Module.require (node:internal/modules/cjs/loader:1311:19)
    at require (node:internal/modules/helpers:179:18)
    at Object.<anonymous> (C:\Users\hameed.khan\Desktop\HireOnboardMultiTenant\HireOnboard\app.js:3:22)
    at Module._compile (node:internal/modules/cjs/loader:1469:14)
    at Module._extensions..js (node:internal/modules/cjs/loader:1548:10)
    at Module.load (node:internal/modules/cjs/loader:1288:32)
    at Module._load (node:internal/modules/cjs/loader:1104:12)
    at Module.require (node:internal/modules/cjs/loader:1311:19)
2025-07-29 16:04:52 [31merror[39m: Error: Cannot find module 'cookie-parser'
Require stack:
- C:\Users\hameed.khan\Desktop\HireOnboardMultiTenant\HireOnboard\app.js
- C:\Users\hameed.khan\Desktop\HireOnboardMultiTenant\HireOnboard\server.js
    at Module._resolveFilename (node:internal/modules/cjs/loader:1225:15)
    at Module._load (node:internal/modules/cjs/loader:1051:27)
    at Module.require (node:internal/modules/cjs/loader:1311:19)
    at require (node:internal/modules/helpers:179:18)
    at Object.<anonymous> (C:\Users\hameed.khan\Desktop\HireOnboardMultiTenant\HireOnboard\app.js:3:22)
    at Module._compile (node:internal/modules/cjs/loader:1469:14)
    at Module._extensions..js (node:internal/modules/cjs/loader:1548:10)
    at Module.load (node:internal/modules/cjs/loader:1288:32)
    at Module._load (node:internal/modules/cjs/loader:1104:12)
    at Module.require (node:internal/modules/cjs/loader:1311:19)
2025-07-29 16:04:54 [31merror[39m: Error: Cannot find module 'cookie-parser'
Require stack:
- C:\Users\hameed.khan\Desktop\HireOnboardMultiTenant\HireOnboard\app.js
- C:\Users\hameed.khan\Desktop\HireOnboardMultiTenant\HireOnboard\server.js
    at Module._resolveFilename (node:internal/modules/cjs/loader:1225:15)
    at Module._load (node:internal/modules/cjs/loader:1051:27)
    at Module.require (node:internal/modules/cjs/loader:1311:19)
    at require (node:internal/modules/helpers:179:18)
    at Object.<anonymous> (C:\Users\hameed.khan\Desktop\HireOnboardMultiTenant\HireOnboard\app.js:3:22)
    at Module._compile (node:internal/modules/cjs/loader:1469:14)
    at Module._extensions..js (node:internal/modules/cjs/loader:1548:10)
    at Module.load (node:internal/modules/cjs/loader:1288:32)
    at Module._load (node:internal/modules/cjs/loader:1104:12)
    at Module.require (node:internal/modules/cjs/loader:1311:19)
2025-07-29 16:04:57 [31merror[39m: Error: Cannot find module 'cookie-parser'
Require stack:
- C:\Users\hameed.khan\Desktop\HireOnboardMultiTenant\HireOnboard\app.js
- C:\Users\hameed.khan\Desktop\HireOnboardMultiTenant\HireOnboard\server.js
    at Module._resolveFilename (node:internal/modules/cjs/loader:1225:15)
    at Module._load (node:internal/modules/cjs/loader:1051:27)
    at Module.require (node:internal/modules/cjs/loader:1311:19)
    at require (node:internal/modules/helpers:179:18)
    at Object.<anonymous> (C:\Users\hameed.khan\Desktop\HireOnboardMultiTenant\HireOnboard\app.js:3:22)
    at Module._compile (node:internal/modules/cjs/loader:1469:14)
    at Module._extensions..js (node:internal/modules/cjs/loader:1548:10)
    at Module.load (node:internal/modules/cjs/loader:1288:32)
    at Module._load (node:internal/modules/cjs/loader:1104:12)
    at Module.require (node:internal/modules/cjs/loader:1311:19)
2025-07-29 16:04:59 [31merror[39m: Error: Cannot find module 'cookie-parser'
Require stack:
- C:\Users\hameed.khan\Desktop\HireOnboardMultiTenant\HireOnboard\app.js
- C:\Users\hameed.khan\Desktop\HireOnboardMultiTenant\HireOnboard\server.js
    at Module._resolveFilename (node:internal/modules/cjs/loader:1225:15)
    at Module._load (node:internal/modules/cjs/loader:1051:27)
    at Module.require (node:internal/modules/cjs/loader:1311:19)
    at require (node:internal/modules/helpers:179:18)
    at Object.<anonymous> (C:\Users\hameed.khan\Desktop\HireOnboardMultiTenant\HireOnboard\app.js:3:22)
    at Module._compile (node:internal/modules/cjs/loader:1469:14)
    at Module._extensions..js (node:internal/modules/cjs/loader:1548:10)
    at Module.load (node:internal/modules/cjs/loader:1288:32)
    at Module._load (node:internal/modules/cjs/loader:1104:12)
    at Module.require (node:internal/modules/cjs/loader:1311:19)
2025-07-29 16:05:07 [31merror[39m: Error: Cannot find module 'cookie-parser'
Require stack:
- C:\Users\hameed.khan\Desktop\HireOnboardMultiTenant\HireOnboard\app.js
- C:\Users\hameed.khan\Desktop\HireOnboardMultiTenant\HireOnboard\server.js
    at Module._resolveFilename (node:internal/modules/cjs/loader:1225:15)
    at Module._load (node:internal/modules/cjs/loader:1051:27)
    at Module.require (node:internal/modules/cjs/loader:1311:19)
    at require (node:internal/modules/helpers:179:18)
    at Object.<anonymous> (C:\Users\hameed.khan\Desktop\HireOnboardMultiTenant\HireOnboard\app.js:3:22)
    at Module._compile (node:internal/modules/cjs/loader:1469:14)
    at Module._extensions..js (node:internal/modules/cjs/loader:1548:10)
    at Module.load (node:internal/modules/cjs/loader:1288:32)
    at Module._load (node:internal/modules/cjs/loader:1104:12)
    at Module.require (node:internal/modules/cjs/loader:1311:19)
2025-07-29 16:05:09 [31merror[39m: Error: Cannot find module 'cookie-parser'
Require stack:
- C:\Users\hameed.khan\Desktop\HireOnboardMultiTenant\HireOnboard\app.js
- C:\Users\hameed.khan\Desktop\HireOnboardMultiTenant\HireOnboard\server.js
    at Module._resolveFilename (node:internal/modules/cjs/loader:1225:15)
    at Module._load (node:internal/modules/cjs/loader:1051:27)
    at Module.require (node:internal/modules/cjs/loader:1311:19)
    at require (node:internal/modules/helpers:179:18)
    at Object.<anonymous> (C:\Users\hameed.khan\Desktop\HireOnboardMultiTenant\HireOnboard\app.js:3:22)
    at Module._compile (node:internal/modules/cjs/loader:1469:14)
    at Module._extensions..js (node:internal/modules/cjs/loader:1548:10)
    at Module.load (node:internal/modules/cjs/loader:1288:32)
    at Module._load (node:internal/modules/cjs/loader:1104:12)
    at Module.require (node:internal/modules/cjs/loader:1311:19)
2025-07-29 16:05:14 [31merror[39m: Error: Cannot find module 'cookie-parser'
Require stack:
- C:\Users\hameed.khan\Desktop\HireOnboardMultiTenant\HireOnboard\app.js
- C:\Users\hameed.khan\Desktop\HireOnboardMultiTenant\HireOnboard\server.js
    at Module._resolveFilename (node:internal/modules/cjs/loader:1225:15)
    at Module._load (node:internal/modules/cjs/loader:1051:27)
    at Module.require (node:internal/modules/cjs/loader:1311:19)
    at require (node:internal/modules/helpers:179:18)
    at Object.<anonymous> (C:\Users\hameed.khan\Desktop\HireOnboardMultiTenant\HireOnboard\app.js:3:22)
    at Module._compile (node:internal/modules/cjs/loader:1469:14)
    at Module._extensions..js (node:internal/modules/cjs/loader:1548:10)
    at Module.load (node:internal/modules/cjs/loader:1288:32)
    at Module._load (node:internal/modules/cjs/loader:1104:12)
    at Module.require (node:internal/modules/cjs/loader:1311:19)
2025-07-29 16:05:38 [31merror[39m: Error: Cannot find module 'cookie-parser'
Require stack:
- C:\Users\hameed.khan\Desktop\HireOnboardMultiTenant\HireOnboard\app.js
- C:\Users\hameed.khan\Desktop\HireOnboardMultiTenant\HireOnboard\server.js
    at Module._resolveFilename (node:internal/modules/cjs/loader:1225:15)
    at Module._load (node:internal/modules/cjs/loader:1051:27)
    at Module.require (node:internal/modules/cjs/loader:1311:19)
    at require (node:internal/modules/helpers:179:18)
    at Object.<anonymous> (C:\Users\hameed.khan\Desktop\HireOnboardMultiTenant\HireOnboard\app.js:3:22)
    at Module._compile (node:internal/modules/cjs/loader:1469:14)
    at Module._extensions..js (node:internal/modules/cjs/loader:1548:10)
    at Module.load (node:internal/modules/cjs/loader:1288:32)
    at Module._load (node:internal/modules/cjs/loader:1104:12)
    at Module.require (node:internal/modules/cjs/loader:1311:19)
2025-07-29 16:05:41 [31merror[39m: Error: Cannot find module 'cookie-parser'
Require stack:
- C:\Users\hameed.khan\Desktop\HireOnboardMultiTenant\HireOnboard\app.js
- C:\Users\hameed.khan\Desktop\HireOnboardMultiTenant\HireOnboard\server.js
    at Module._resolveFilename (node:internal/modules/cjs/loader:1225:15)
    at Module._load (node:internal/modules/cjs/loader:1051:27)
    at Module.require (node:internal/modules/cjs/loader:1311:19)
    at require (node:internal/modules/helpers:179:18)
    at Object.<anonymous> (C:\Users\hameed.khan\Desktop\HireOnboardMultiTenant\HireOnboard\app.js:3:22)
    at Module._compile (node:internal/modules/cjs/loader:1469:14)
    at Module._extensions..js (node:internal/modules/cjs/loader:1548:10)
    at Module.load (node:internal/modules/cjs/loader:1288:32)
    at Module._load (node:internal/modules/cjs/loader:1104:12)
    at Module.require (node:internal/modules/cjs/loader:1311:19)
2025-07-29 16:05:42 [31merror[39m: Error: Cannot find module 'cookie-parser'
Require stack:
- C:\Users\hameed.khan\Desktop\HireOnboardMultiTenant\HireOnboard\app.js
- C:\Users\hameed.khan\Desktop\HireOnboardMultiTenant\HireOnboard\server.js
    at Module._resolveFilename (node:internal/modules/cjs/loader:1225:15)
    at Module._load (node:internal/modules/cjs/loader:1051:27)
    at Module.require (node:internal/modules/cjs/loader:1311:19)
    at require (node:internal/modules/helpers:179:18)
    at Object.<anonymous> (C:\Users\hameed.khan\Desktop\HireOnboardMultiTenant\HireOnboard\app.js:3:22)
    at Module._compile (node:internal/modules/cjs/loader:1469:14)
    at Module._extensions..js (node:internal/modules/cjs/loader:1548:10)
    at Module.load (node:internal/modules/cjs/loader:1288:32)
    at Module._load (node:internal/modules/cjs/loader:1104:12)
    at Module.require (node:internal/modules/cjs/loader:1311:19)
2025-07-29 16:05:47 [31merror[39m: Error: Cannot find module 'cookie-parser'
Require stack:
- C:\Users\hameed.khan\Desktop\HireOnboardMultiTenant\HireOnboard\app.js
- C:\Users\hameed.khan\Desktop\HireOnboardMultiTenant\HireOnboard\server.js
    at Module._resolveFilename (node:internal/modules/cjs/loader:1225:15)
    at Module._load (node:internal/modules/cjs/loader:1051:27)
    at Module.require (node:internal/modules/cjs/loader:1311:19)
    at require (node:internal/modules/helpers:179:18)
    at Object.<anonymous> (C:\Users\hameed.khan\Desktop\HireOnboardMultiTenant\HireOnboard\app.js:3:22)
    at Module._compile (node:internal/modules/cjs/loader:1469:14)
    at Module._extensions..js (node:internal/modules/cjs/loader:1548:10)
    at Module.load (node:internal/modules/cjs/loader:1288:32)
    at Module._load (node:internal/modules/cjs/loader:1104:12)
    at Module.require (node:internal/modules/cjs/loader:1311:19)
2025-07-29 16:05:48 [31merror[39m: Error: Cannot find module 'cookie-parser'
Require stack:
- C:\Users\hameed.khan\Desktop\HireOnboardMultiTenant\HireOnboard\app.js
- C:\Users\hameed.khan\Desktop\HireOnboardMultiTenant\HireOnboard\server.js
    at Module._resolveFilename (node:internal/modules/cjs/loader:1225:15)
    at Module._load (node:internal/modules/cjs/loader:1051:27)
    at Module.require (node:internal/modules/cjs/loader:1311:19)
    at require (node:internal/modules/helpers:179:18)
    at Object.<anonymous> (C:\Users\hameed.khan\Desktop\HireOnboardMultiTenant\HireOnboard\app.js:3:22)
    at Module._compile (node:internal/modules/cjs/loader:1469:14)
    at Module._extensions..js (node:internal/modules/cjs/loader:1548:10)
    at Module.load (node:internal/modules/cjs/loader:1288:32)
    at Module._load (node:internal/modules/cjs/loader:1104:12)
    at Module.require (node:internal/modules/cjs/loader:1311:19)
2025-07-29 16:16:49 [31merror[39m: Error: Cannot find module 'cookie-parser'
Require stack:
- C:\Users\hameed.khan\Desktop\HireOnboardMultiTenant\HireOnboard\app.js
- C:\Users\hameed.khan\Desktop\HireOnboardMultiTenant\HireOnboard\server.js
    at Module._resolveFilename (node:internal/modules/cjs/loader:1225:15)
    at Module._load (node:internal/modules/cjs/loader:1051:27)
    at Module.require (node:internal/modules/cjs/loader:1311:19)
    at require (node:internal/modules/helpers:179:18)
    at Object.<anonymous> (C:\Users\hameed.khan\Desktop\HireOnboardMultiTenant\HireOnboard\app.js:3:22)
    at Module._compile (node:internal/modules/cjs/loader:1469:14)
    at Module._extensions..js (node:internal/modules/cjs/loader:1548:10)
    at Module.load (node:internal/modules/cjs/loader:1288:32)
    at Module._load (node:internal/modules/cjs/loader:1104:12)
    at Module.require (node:internal/modules/cjs/loader:1311:19)
2025-07-29 16:18:08 [31merror[39m: Error: Cannot find module 'cookie-parser'
Require stack:
- C:\Users\hameed.khan\Desktop\HireOnboardMultiTenant\HireOnboard\app.js
- C:\Users\hameed.khan\Desktop\HireOnboardMultiTenant\HireOnboard\server.js
    at Module._resolveFilename (node:internal/modules/cjs/loader:1225:15)
    at Module._load (node:internal/modules/cjs/loader:1051:27)
    at Module.require (node:internal/modules/cjs/loader:1311:19)
    at require (node:internal/modules/helpers:179:18)
    at Object.<anonymous> (C:\Users\hameed.khan\Desktop\HireOnboardMultiTenant\HireOnboard\app.js:3:22)
    at Module._compile (node:internal/modules/cjs/loader:1469:14)
    at Module._extensions..js (node:internal/modules/cjs/loader:1548:10)
    at Module.load (node:internal/modules/cjs/loader:1288:32)
    at Module._load (node:internal/modules/cjs/loader:1104:12)
    at Module.require (node:internal/modules/cjs/loader:1311:19)
2025-07-29 16:19:57 [31merror[39m: Error: Cannot find module 'cookie-parser'
Require stack:
- C:\Users\hameed.khan\Desktop\HireOnboardMultiTenant\HireOnboard\app.js
- C:\Users\hameed.khan\Desktop\HireOnboardMultiTenant\HireOnboard\server.js
    at Module._resolveFilename (node:internal/modules/cjs/loader:1225:15)
    at Module._load (node:internal/modules/cjs/loader:1051:27)
    at Module.require (node:internal/modules/cjs/loader:1311:19)
    at require (node:internal/modules/helpers:179:18)
    at Object.<anonymous> (C:\Users\hameed.khan\Desktop\HireOnboardMultiTenant\HireOnboard\app.js:3:22)
    at Module._compile (node:internal/modules/cjs/loader:1469:14)
    at Module._extensions..js (node:internal/modules/cjs/loader:1548:10)
    at Module.load (node:internal/modules/cjs/loader:1288:32)
    at Module._load (node:internal/modules/cjs/loader:1104:12)
    at Module.require (node:internal/modules/cjs/loader:1311:19)
2025-07-29 16:21:26 [31merror[39m: Error: Cannot find module 'cookie-parser'
Require stack:
- C:\Users\hameed.khan\Desktop\HireOnboardMultiTenant\HireOnboard\app.js
- C:\Users\hameed.khan\Desktop\HireOnboardMultiTenant\HireOnboard\server.js
    at Module._resolveFilename (node:internal/modules/cjs/loader:1225:15)
    at Module._load (node:internal/modules/cjs/loader:1051:27)
    at Module.require (node:internal/modules/cjs/loader:1311:19)
    at require (node:internal/modules/helpers:179:18)
    at Object.<anonymous> (C:\Users\hameed.khan\Desktop\HireOnboardMultiTenant\HireOnboard\app.js:3:22)
    at Module._compile (node:internal/modules/cjs/loader:1469:14)
    at Module._extensions..js (node:internal/modules/cjs/loader:1548:10)
    at Module.load (node:internal/modules/cjs/loader:1288:32)
    at Module._load (node:internal/modules/cjs/loader:1104:12)
    at Module.require (node:internal/modules/cjs/loader:1311:19)
2025-07-29 16:22:31 [31merror[39m: Error: Cannot find module 'cookie-parser'
Require stack:
- C:\Users\hameed.khan\Desktop\HireOnboardMultiTenant\HireOnboard\app.js
- C:\Users\hameed.khan\Desktop\HireOnboardMultiTenant\HireOnboard\server.js
    at Module._resolveFilename (node:internal/modules/cjs/loader:1225:15)
    at Module._load (node:internal/modules/cjs/loader:1051:27)
    at Module.require (node:internal/modules/cjs/loader:1311:19)
    at require (node:internal/modules/helpers:179:18)
    at Object.<anonymous> (C:\Users\hameed.khan\Desktop\HireOnboardMultiTenant\HireOnboard\app.js:3:22)
    at Module._compile (node:internal/modules/cjs/loader:1469:14)
    at Module._extensions..js (node:internal/modules/cjs/loader:1548:10)
    at Module.load (node:internal/modules/cjs/loader:1288:32)
    at Module._load (node:internal/modules/cjs/loader:1104:12)
    at Module.require (node:internal/modules/cjs/loader:1311:19)
2025-07-29 16:23:57 [31merror[39m: Error: Cannot find module 'cookie-parser'
Require stack:
- C:\Users\hameed.khan\Desktop\HireOnboardMultiTenant\HireOnboard\app.js
- C:\Users\hameed.khan\Desktop\HireOnboardMultiTenant\HireOnboard\server.js
    at Module._resolveFilename (node:internal/modules/cjs/loader:1225:15)
    at Module._load (node:internal/modules/cjs/loader:1051:27)
    at Module.require (node:internal/modules/cjs/loader:1311:19)
    at require (node:internal/modules/helpers:179:18)
    at Object.<anonymous> (C:\Users\hameed.khan\Desktop\HireOnboardMultiTenant\HireOnboard\app.js:3:22)
    at Module._compile (node:internal/modules/cjs/loader:1469:14)
    at Module._extensions..js (node:internal/modules/cjs/loader:1548:10)
    at Module.load (node:internal/modules/cjs/loader:1288:32)
    at Module._load (node:internal/modules/cjs/loader:1104:12)
    at Module.require (node:internal/modules/cjs/loader:1311:19)
2025-07-29 16:24:14 [31merror[39m: Error: Cannot find module 'cookie-parser'
Require stack:
- C:\Users\hameed.khan\Desktop\HireOnboardMultiTenant\HireOnboard\app.js
- C:\Users\hameed.khan\Desktop\HireOnboardMultiTenant\HireOnboard\server.js
    at Module._resolveFilename (node:internal/modules/cjs/loader:1225:15)
    at Module._load (node:internal/modules/cjs/loader:1051:27)
    at Module.require (node:internal/modules/cjs/loader:1311:19)
    at require (node:internal/modules/helpers:179:18)
    at Object.<anonymous> (C:\Users\hameed.khan\Desktop\HireOnboardMultiTenant\HireOnboard\app.js:3:22)
    at Module._compile (node:internal/modules/cjs/loader:1469:14)
    at Module._extensions..js (node:internal/modules/cjs/loader:1548:10)
    at Module.load (node:internal/modules/cjs/loader:1288:32)
    at Module._load (node:internal/modules/cjs/loader:1104:12)
    at Module.require (node:internal/modules/cjs/loader:1311:19)
2025-07-29 16:24:38 [31merror[39m: Error: Cannot find module 'cookie-parser'
Require stack:
- C:\Users\hameed.khan\Desktop\HireOnboardMultiTenant\HireOnboard\app.js
- C:\Users\hameed.khan\Desktop\HireOnboardMultiTenant\HireOnboard\server.js
    at Module._resolveFilename (node:internal/modules/cjs/loader:1225:15)
    at Module._load (node:internal/modules/cjs/loader:1051:27)
    at Module.require (node:internal/modules/cjs/loader:1311:19)
    at require (node:internal/modules/helpers:179:18)
    at Object.<anonymous> (C:\Users\hameed.khan\Desktop\HireOnboardMultiTenant\HireOnboard\app.js:3:22)
    at Module._compile (node:internal/modules/cjs/loader:1469:14)
    at Module._extensions..js (node:internal/modules/cjs/loader:1548:10)
    at Module.load (node:internal/modules/cjs/loader:1288:32)
    at Module._load (node:internal/modules/cjs/loader:1104:12)
    at Module.require (node:internal/modules/cjs/loader:1311:19)
2025-07-29 16:25:19 [31merror[39m: Error: Cannot find module 'cookie-parser'
Require stack:
- C:\Users\hameed.khan\Desktop\HireOnboardMultiTenant\HireOnboard\app.js
- C:\Users\hameed.khan\Desktop\HireOnboardMultiTenant\HireOnboard\server.js
    at Module._resolveFilename (node:internal/modules/cjs/loader:1225:15)
    at Module._load (node:internal/modules/cjs/loader:1051:27)
    at Module.require (node:internal/modules/cjs/loader:1311:19)
    at require (node:internal/modules/helpers:179:18)
    at Object.<anonymous> (C:\Users\hameed.khan\Desktop\HireOnboardMultiTenant\HireOnboard\app.js:3:22)
    at Module._compile (node:internal/modules/cjs/loader:1469:14)
    at Module._extensions..js (node:internal/modules/cjs/loader:1548:10)
    at Module.load (node:internal/modules/cjs/loader:1288:32)
    at Module._load (node:internal/modules/cjs/loader:1104:12)
    at Module.require (node:internal/modules/cjs/loader:1311:19)
